<?xml version="1.0" encoding="utf-8"?><testsuites name="pytest tests"><testsuite name="pytest" errors="0" failures="0" skipped="0" tests="37" time="5.196" timestamp="2026-04-17T03:02:00.088044+00:00" hostname="agent-env-073f68a3-b642-4521-903b-d5390c1a808b"><testcase classname="backend.tests.test_api.TestRootEndpoint" name="test_root_returns_welcome_message" time="0.142" /><testcase classname="backend.tests.test_api.TestEscuelasEndpoint" name="test_escuelas_returns_list" time="0.106" /><testcase classname="backend.tests.test_api.TestEscuelasEndpoint" name="test_escuelas_returns_18_schools" time="0.105" /><testcase classname="backend.tests.test_api.TestEscuelasEndpoint" name="test_escuelas_structure" time="0.121" /><testcase classname="backend.tests.test_api.TestGrafoStatsEndpoint" name="test_grafo_stats_returns_stats" time="0.120" /><testcase classname="backend.tests.test_api.TestGrafoStatsEndpoint" name="test_grafo_stats_has_1792_nodes" time="0.118" /><testcase classname="backend.tests.test_api.TestGrafoStatsEndpoint" name="test_grafo_is_connected" time="0.122" /><testcase classname="backend.tests.test_api.TestBuscarNodosEndpoint" name="test_buscar_zapata_returns_results" time="0.164" /><testcase classname="backend.tests.test_api.TestBuscarNodosEndpoint" name="test_buscar_cuauhtemoc_accent_tolerant" time="0.119" /><testcase classname="backend.tests.test_api.TestBuscarNodosEndpoint" name="test_buscar_single_char_returns_empty" time="0.176" /><testcase classname="backend.tests.test_api.TestBuscarNodosEndpoint" name="test_buscar_empty_returns_empty" time="0.154" /><testcase classname="backend.tests.test_api.TestBuscarNodosEndpoint" name="test_buscar_result_structure" time="0.126" /><testcase classname="backend.tests.test_api.TestCalcularRutaEndpoint" name="test_calcular_ruta_valid_node" time="0.146" /><testcase classname="backend.tests.test_api.TestCalcularRutaEndpoint" name="test_calcular_ruta_returns_distance_and_time" time="0.122" /><testcase classname="backend.tests.test_api.TestCalcularRutaEndpoint" name="test_calcular_ruta_returns_coordinates" time="0.175" /><testcase classname="backend.tests.test_api.TestCalcularRutaEndpoint" name="test_calcular_ruta_returns_all_routes" time="0.136" /><testcase classname="backend.tests.test_api.TestCalcularRutaEndpoint" name="test_calcular_ruta_invalid_node_returns_400" time="0.107" /><testcase classname="backend.tests.test_api.TestCalcularRutaEndpoint" name="test_calcular_ruta_routes_sorted_by_distance" time="0.137" /><testcase classname="backend.tests.test_api.TestNodosEndpoint" name="test_nodos_returns_list" time="0.147" /><testcase classname="backend.tests.test_api.TestAristasEndpoint" name="test_aristas_returns_list" time="0.178" /><testcase classname="backend.tests.test_new_features.TestNodoCercanoEndpoint" name="test_nodo_cercano_returns_nearest_node" time="0.140" /><testcase classname="backend.tests.test_new_features.TestNodoCercanoEndpoint" name="test_nodo_cercano_returns_distance" time="0.127" /><testcase classname="backend.tests.test_new_features.TestNodoCercanoEndpoint" name="test_nodo_cercano_different_location" time="0.123" /><testcase classname="backend.tests.test_new_features.TestNodoCercanoEndpoint" name="test_nodo_cercano_returns_valid_node_id" time="0.254" /><testcase classname="backend.tests.test_new_features.TestInstruccionesInCalcularRuta" name="test_calcular_ruta_includes_instrucciones" time="0.126" /><testcase classname="backend.tests.test_new_features.TestInstruccionesInCalcularRuta" name="test_instrucciones_not_empty" time="0.138" /><testcase classname="backend.tests.test_new_features.TestInstruccionesInCalcularRuta" name="test_instrucciones_structure" time="0.121" /><testcase classname="backend.tests.test_new_features.TestInstruccionesInCalcularRuta" name="test_instrucciones_paso_sequential" time="0.121" /><testcase classname="backend.tests.test_new_features.TestInstruccionesInCalcularRuta" name="test_instrucciones_acumulado_increasing" time="0.124" /><testcase classname="backend.tests.test_new_features.TestInstruccionesInCalcularRuta" name="test_instrucciones_last_step_is_arrival" time="0.134" /><testcase classname="backend.tests.test_new_features.TestSugerenciasEmergencia" name="test_calcular_ruta_includes_sugerencias" time="0.131" /><testcase classname="backend.tests.test_new_features.TestSugerenciasEmergencia" name="test_sugerencias_not_empty" time="0.131" /><testcase classname="backend.tests.test_new_features.TestSugerenciasEmergencia" name="test_sugerencias_has_15_items" time="0.128" /><testcase classname="backend.tests.test_new_features.TestSugerenciasEmergencia" name="test_sugerencias_are_strings" time="0.155" /><testcase classname="backend.tests.test_new_features.TestSugerenciasEmergencia" name="test_sugerencias_includes_water" time="0.136" /><testcase classname="backend.tests.test_new_features.TestNodosSeleccionablesEndpoint" name="test_nodos_seleccionables_returns_list" time="0.143" /><testcase classname="backend.tests.test_new_features.TestNodosSeleccionablesEndpoint" name="test_nodos_seleccionables_structure" time="0.144" /></testsuite></testsuites>