<?xml version="1.0" encoding="utf-8"?><testsuites name="pytest tests"><testsuite name="pytest" errors="0" failures="0" skipped="0" tests="21" time="2.805" timestamp="2026-04-17T03:29:33.783585+00:00" hostname="agent-env-073f68a3-b642-4521-903b-d5390c1a808b"><testcase classname="backend.tests.test_iteration4_ciudad_renacimiento.TestGrafoStats" name="test_grafo_stats_node_count" time="0.281" /><testcase classname="backend.tests.test_iteration4_ciudad_renacimiento.TestGrafoStats" name="test_grafo_stats_edge_count" time="0.109" /><testcase classname="backend.tests.test_iteration4_ciudad_renacimiento.TestGrafoStats" name="test_grafo_stats_school_count" time="0.112" /><testcase classname="backend.tests.test_iteration4_ciudad_renacimiento.TestGrafoStats" name="test_grafo_is_connected" time="0.110" /><testcase classname="backend.tests.test_iteration4_ciudad_renacimiento.TestEscuelas" name="test_escuelas_returns_18_schools" time="0.113" /><testcase classname="backend.tests.test_iteration4_ciudad_renacimiento.TestEscuelas" name="test_escuelas_have_correct_node_ids" time="0.109" /><testcase classname="backend.tests.test_iteration4_ciudad_renacimiento.TestEscuelas" name="test_escuelas_have_coordinates_in_new_zone" time="0.106" /><testcase classname="backend.tests.test_iteration4_ciudad_renacimiento.TestSearchNodos" name="test_search_escudero_finds_juan_r_escudero" time="0.105" /><testcase classname="backend.tests.test_iteration4_ciudad_renacimiento.TestSearchNodos" name="test_search_zaragoza_finds_ignacio_zaragoza" time="0.171" /><testcase classname="backend.tests.test_iteration4_ciudad_renacimiento.TestSearchNodos" name="test_search_canal_finds_canal_del_arroyo" time="0.104" /><testcase classname="backend.tests.test_iteration4_ciudad_renacimiento.TestSearchNodos" name="test_search_lazaro_accent_tolerant" time="0.119" /><testcase classname="backend.tests.test_iteration4_ciudad_renacimiento.TestSearchNodos" name="test_search_returns_max_25_results" time="0.103" /><testcase classname="backend.tests.test_iteration4_ciudad_renacimiento.TestSearchNodos" name="test_search_requires_min_2_chars" time="0.103" /><testcase classname="backend.tests.test_iteration4_ciudad_renacimiento.TestNodoCercano" name="test_nodo_cercano_in_new_zone" time="0.111" /><testcase classname="backend.tests.test_iteration4_ciudad_renacimiento.TestNodoCercano" name="test_nodo_cercano_returns_valid_node" time="0.100" /><testcase classname="backend.tests.test_iteration4_ciudad_renacimiento.TestCalcularRuta" name="test_calcular_ruta_from_test_node" time="0.136" /><testcase classname="backend.tests.test_iteration4_ciudad_renacimiento.TestCalcularRuta" name="test_calcular_ruta_has_instructions" time="0.155" /><testcase classname="backend.tests.test_iteration4_ciudad_renacimiento.TestCalcularRuta" name="test_calcular_ruta_instructions_reference_real_streets" time="0.140" /><testcase classname="backend.tests.test_iteration4_ciudad_renacimiento.TestCalcularRuta" name="test_calcular_ruta_has_sugerencias_emergencia" time="0.153" /><testcase classname="backend.tests.test_iteration4_ciudad_renacimiento.TestCalcularRuta" name="test_calcular_ruta_invalid_node" time="0.158" /><testcase classname="backend.tests.test_iteration4_ciudad_renacimiento.TestAPIRoot" name="test_api_root" time="0.111" /></testsuite></testsuites>