<?xml version="1.0" encoding="utf-8"?><testsuites name="pytest tests"><testsuite name="pytest" errors="0" failures="0" skipped="0" tests="20" time="3.256" timestamp="2026-04-17T02:48:20.858951+00:00" hostname="agent-env-073f68a3-b642-4521-903b-d5390c1a808b"><testcase classname="backend.tests.test_api.TestRootEndpoint" name="test_root_returns_welcome_message" time="0.240" /><testcase classname="backend.tests.test_api.TestEscuelasEndpoint" name="test_escuelas_returns_list" time="0.124" /><testcase classname="backend.tests.test_api.TestEscuelasEndpoint" name="test_escuelas_returns_18_schools" time="0.110" /><testcase classname="backend.tests.test_api.TestEscuelasEndpoint" name="test_escuelas_structure" time="0.140" /><testcase classname="backend.tests.test_api.TestGrafoStatsEndpoint" name="test_grafo_stats_returns_stats" time="0.145" /><testcase classname="backend.tests.test_api.TestGrafoStatsEndpoint" name="test_grafo_stats_has_1792_nodes" time="0.122" /><testcase classname="backend.tests.test_api.TestGrafoStatsEndpoint" name="test_grafo_is_connected" time="0.111" /><testcase classname="backend.tests.test_api.TestBuscarNodosEndpoint" name="test_buscar_zapata_returns_results" time="0.169" /><testcase classname="backend.tests.test_api.TestBuscarNodosEndpoint" name="test_buscar_cuauhtemoc_accent_tolerant" time="0.146" /><testcase classname="backend.tests.test_api.TestBuscarNodosEndpoint" name="test_buscar_single_char_returns_empty" time="0.137" /><testcase classname="backend.tests.test_api.TestBuscarNodosEndpoint" name="test_buscar_empty_returns_empty" time="0.112" /><testcase classname="backend.tests.test_api.TestBuscarNodosEndpoint" name="test_buscar_result_structure" time="0.118" /><testcase classname="backend.tests.test_api.TestCalcularRutaEndpoint" name="test_calcular_ruta_valid_node" time="0.148" /><testcase classname="backend.tests.test_api.TestCalcularRutaEndpoint" name="test_calcular_ruta_returns_distance_and_time" time="0.147" /><testcase classname="backend.tests.test_api.TestCalcularRutaEndpoint" name="test_calcular_ruta_returns_coordinates" time="0.121" /><testcase classname="backend.tests.test_api.TestCalcularRutaEndpoint" name="test_calcular_ruta_returns_all_routes" time="0.219" /><testcase classname="backend.tests.test_api.TestCalcularRutaEndpoint" name="test_calcular_ruta_invalid_node_returns_400" time="0.359" /><testcase classname="backend.tests.test_api.TestCalcularRutaEndpoint" name="test_calcular_ruta_routes_sorted_by_distance" time="0.129" /><testcase classname="backend.tests.test_api.TestNodosEndpoint" name="test_nodos_returns_list" time="0.142" /><testcase classname="backend.tests.test_api.TestAristasEndpoint" name="test_aristas_returns_list" time="0.175" /></testsuite></testsuites>