<?xml version="1.0" encoding="utf-8"?><testsuites name="pytest tests"><testsuite name="pytest" errors="0" failures="0" skipped="0" tests="16" time="2.073" timestamp="2026-04-17T03:13:25.404757+00:00" hostname="agent-env-073f68a3-b642-4521-903b-d5390c1a808b"><testcase classname="backend.tests.test_iteration3_features.TestImprovedSearchPrefixStripping" name="test_search_morro_finds_calle_el_morro" time="0.143" /><testcase classname="backend.tests.test_iteration3_features.TestImprovedSearchPrefixStripping" name="test_search_febrero_finds_5_de_febrero" time="0.149" /><testcase classname="backend.tests.test_iteration3_features.TestImprovedSearchPrefixStripping" name="test_search_perla_finds_la_perla" time="0.119" /><testcase classname="backend.tests.test_iteration3_features.TestImprovedSearchPrefixStripping" name="test_search_zapata_still_works" time="0.109" /><testcase classname="backend.tests.test_iteration3_features.TestImprovedSearchPrefixStripping" name="test_search_cuauhtemoc_accent_tolerant" time="0.110" /><testcase classname="backend.tests.test_iteration3_features.TestImprovedSearchPrefixStripping" name="test_search_returns_max_25_results" time="0.120" /><testcase classname="backend.tests.test_iteration3_features.TestImprovedSearchPrefixStripping" name="test_search_min_2_chars" time="0.120" /><testcase classname="backend.tests.test_iteration3_features.TestImprovedSearchPrefixStripping" name="test_search_cerca_de_nodes" time="0.104" /><testcase classname="backend.tests.test_iteration3_features.TestNodoCercanoStillWorks" name="test_nodo_cercano_basic" time="0.124" /><testcase classname="backend.tests.test_iteration3_features.TestNodoCercanoStillWorks" name="test_nodo_cercano_returns_valid_node_for_route" time="0.221" /><testcase classname="backend.tests.test_iteration3_features.TestCalcularRutaStillWorks" name="test_calcular_ruta_returns_instrucciones" time="0.122" /><testcase classname="backend.tests.test_iteration3_features.TestCalcularRutaStillWorks" name="test_calcular_ruta_returns_sugerencias" time="0.140" /><testcase classname="backend.tests.test_iteration3_features.TestCalcularRutaStillWorks" name="test_calcular_ruta_returns_todas_rutas" time="0.115" /><testcase classname="backend.tests.test_iteration3_features.TestExistingEndpointsStillWork" name="test_root_endpoint" time="0.103" /><testcase classname="backend.tests.test_iteration3_features.TestExistingEndpointsStillWork" name="test_escuelas_endpoint" time="0.102" /><testcase classname="backend.tests.test_iteration3_features.TestExistingEndpointsStillWork" name="test_grafo_stats_endpoint" time="0.102" /></testsuite></testsuites>