<?xml version="1.0" encoding="utf-8"?><testsuites name="pytest tests"><testsuite name="pytest" errors="0" failures="0" skipped="0" tests="17" time="2.884" timestamp="2026-04-18T02:58:41.858470+00:00" hostname="agent-env-073f68a3-b642-4521-903b-d5390c1a808b"><testcase classname="backend.tests.test_iteration5_light_theme.TestGrafoStats" name="test_grafo_stats_node_count" time="0.303" /><testcase classname="backend.tests.test_iteration5_light_theme.TestGrafoStats" name="test_grafo_stats_school_count" time="0.198" /><testcase classname="backend.tests.test_iteration5_light_theme.TestGrafoStats" name="test_grafo_is_connected" time="0.163" /><testcase classname="backend.tests.test_iteration5_light_theme.TestEscuelas" name="test_escuelas_returns_18_schools" time="0.104" /><testcase classname="backend.tests.test_iteration5_light_theme.TestEscuelas" name="test_escuelas_have_verified_coordinates" time="0.110" /><testcase classname="backend.tests.test_iteration5_light_theme.TestEscuelas" name="test_escuelas_have_required_fields" time="0.110" /><testcase classname="backend.tests.test_iteration5_light_theme.TestSearchNodos" name="test_search_alta_laja_finds_results" time="0.136" /><testcase classname="backend.tests.test_iteration5_light_theme.TestSearchNodos" name="test_search_escudero_finds_results" time="0.137" /><testcase classname="backend.tests.test_iteration5_light_theme.TestSearchNodos" name="test_search_costa_azul_finds_results" time="0.122" /><testcase classname="backend.tests.test_iteration5_light_theme.TestSearchNodos" name="test_search_returns_max_25_results" time="0.138" /><testcase classname="backend.tests.test_iteration5_light_theme.TestNodoCercano" name="test_nodo_cercano_ciudad_renacimiento_center" time="0.106" /><testcase classname="backend.tests.test_iteration5_light_theme.TestNodoCercano" name="test_nodo_cercano_returns_valid_node" time="0.133" /><testcase classname="backend.tests.test_iteration5_light_theme.TestCalcularRuta" name="test_calcular_ruta_returns_instructions" time="0.249" /><testcase classname="backend.tests.test_iteration5_light_theme.TestCalcularRuta" name="test_calcular_ruta_returns_sugerencias" time="0.255" /><testcase classname="backend.tests.test_iteration5_light_theme.TestCalcularRuta" name="test_calcular_ruta_returns_all_18_routes" time="0.276" /><testcase classname="backend.tests.test_iteration5_light_theme.TestCalcularRuta" name="test_calcular_ruta_invalid_node" time="0.108" /><testcase classname="backend.tests.test_iteration5_light_theme.TestAPIRoot" name="test_api_root" time="0.106" /></testsuite></testsuites>